Cleaning up orphaned ttyd processes...
Server is running on http://localhost:3000
Serving static files from /Users/ksato/workspace/brainbase-ui/public
Reading tasks from: /Users/ksato/workspace/_tasks/index.md
Reading schedules from: /Users/ksato/workspace/_schedules
Completed running 'server.js'
Restarting 'server.js'
Cleaning up orphaned ttyd processes...
Server is running on http://localhost:3000
Serving static files from /Users/ksato/workspace/brainbase-ui/public
Reading tasks from: /Users/ksato/workspace/_tasks/index.md
Reading schedules from: /Users/ksato/workspace/_schedules
Completed running 'server.js'
Restarting 'server.js'
Cleaning up orphaned ttyd processes...
Server is running on http://localhost:3000
Serving static files from /Users/ksato/workspace/brainbase-ui/public
Reading tasks from: /Users/ksato/workspace/_tasks/index.md
Reading schedules from: /Users/ksato/workspace/_schedules
Completed running 'server.js'
